file /home/tiago/Documents/IST/A1S2/Avex/REPO/AVEX/fceux-2.2.2/SConstruct,line 85:
	Configure(confdir = .sconf_temp)
scons: Configure: Checking for C library dw... 
scons: Configure: ".sconf_temp/conftest_0.c" is up to date.
scons: Configure: The original builder output was:
  |.sconf_temp/conftest_0.c <-
  |  |
  |  |
  |  |
  |  |int
  |  |main() {
  |  |  
  |  |return 0;
  |  |}
  |  |
  |
scons: Configure: ".sconf_temp/conftest_0.o" is up to date.
scons: Configure: The original builder output was:
  |gcc -o .sconf_temp/conftest_0.o -c -Wall -Wno-write-strings -Wno-sign-compare -DPUBLIC_RELEASE .sconf_temp/conftest_0.c
  |
scons: Configure: Building ".sconf_temp/conftest_0" failed in a previous run and all its sources are up to date.
scons: Configure: The original builder output was:
  |gcc -o .sconf_temp/conftest_0 .sconf_temp/conftest_0.o -ldw
  |
scons: Configure: (cached) no

scons: Configure: Checking for C function asprintf()... 
scons: Configure: ".sconf_temp/conftest_1.c" is up to date.
scons: Configure: The original builder output was:
  |.sconf_temp/conftest_1.c <-
  |  |
  |  |
  |  |#include <assert.h>
  |  |
  |  |#ifdef __cplusplus
  |  |extern "C"
  |  |#endif
  |  |char asprintf();
  |  |
  |  |int main() {
  |  |#if defined (__stub_asprintf) || defined (__stub___asprintf)
  |  |  fail fail fail
  |  |#else
  |  |  asprintf();
  |  |#endif
  |  |
  |  |  return 0;
  |  |}
  |  |
  |
scons: Configure: ".sconf_temp/conftest_1.o" is up to date.
scons: Configure: The original builder output was:
  |gcc -o .sconf_temp/conftest_1.o -c -Wall -Wno-write-strings -Wno-sign-compare -DPUBLIC_RELEASE .sconf_temp/conftest_1.c
  |
scons: Configure: ".sconf_temp/conftest_1" is up to date.
scons: Configure: The original builder output was:
  |gcc -o .sconf_temp/conftest_1 .sconf_temp/conftest_1.o
  |
scons: Configure: (cached) yes

scons: Configure: Checking for inflate in C library z... 
scons: Configure: ".sconf_temp/conftest_2.c" is up to date.
scons: Configure: The original builder output was:
  |.sconf_temp/conftest_2.c <-
  |  |
  |  |
  |  |#include "zlib.h"
  |  |
  |  |int
  |  |main() {
  |  |  inflate;
  |  |return 0;
  |  |}
  |  |
  |
scons: Configure: ".sconf_temp/conftest_2.o" is up to date.
scons: Configure: The original builder output was:
  |gcc -o .sconf_temp/conftest_2.o -c -Wall -Wno-write-strings -Wno-sign-compare -DHAVE_ASPRINTF -DPUBLIC_RELEASE .sconf_temp/conftest_2.c
  |
scons: Configure: ".sconf_temp/conftest_2" is up to date.
scons: Configure: The original builder output was:
  |gcc -o .sconf_temp/conftest_2 .sconf_temp/conftest_2.o -lz
  |
scons: Configure: (cached) yes

scons: Configure: Checking for C library SDL... 
scons: Configure: ".sconf_temp/conftest_3.c" is up to date.
scons: Configure: The original builder output was:
  |.sconf_temp/conftest_3.c <-
  |  |
  |  |
  |  |
  |  |int
  |  |main() {
  |  |  
  |  |return 0;
  |  |}
  |  |
  |
scons: Configure: ".sconf_temp/conftest_3.o" is up to date.
scons: Configure: The original builder output was:
  |gcc -o .sconf_temp/conftest_3.o -c -Wall -Wno-write-strings -Wno-sign-compare -DHAVE_ASPRINTF -DPUBLIC_RELEASE .sconf_temp/conftest_3.c
  |
scons: Configure: ".sconf_temp/conftest_3" is up to date.
scons: Configure: The original builder output was:
  |gcc -o .sconf_temp/conftest_3 .sconf_temp/conftest_3.o -lz -lSDL
  |
scons: Configure: (cached) yes

scons: Configure: Checking for C library gtk-x11-2.0... 
scons: Configure: ".sconf_temp/conftest_4.c" is up to date.
scons: Configure: The original builder output was:
  |.sconf_temp/conftest_4.c <-
  |  |
  |  |
  |  |
  |  |int
  |  |main() {
  |  |  
  |  |return 0;
  |  |}
  |  |
  |
scons: Configure: ".sconf_temp/conftest_4.o" is up to date.
scons: Configure: The original builder output was:
  |gcc -o .sconf_temp/conftest_4.o -c -Wall -Wno-write-strings -Wno-sign-compare -DHAVE_ASPRINTF -DPUBLIC_RELEASE -D_GNU_SOURCE=1 -D_REENTRANT -I/usr/include/SDL .sconf_temp/conftest_4.c
  |
scons: Configure: ".sconf_temp/conftest_4" is up to date.
scons: Configure: The original builder output was:
  |gcc -o .sconf_temp/conftest_4 .sconf_temp/conftest_4.o -L/usr/lib/x86_64-linux-gnu -lz -lSDL -lgtk-x11-2.0
  |
scons: Configure: (cached) yes

scons: Configure: Checking for C library lua5.1... 
scons: Configure: ".sconf_temp/conftest_5.c" is up to date.
scons: Configure: The original builder output was:
  |.sconf_temp/conftest_5.c <-
  |  |
  |  |
  |  |
  |  |int
  |  |main() {
  |  |  
  |  |return 0;
  |  |}
  |  |
  |
scons: Configure: ".sconf_temp/conftest_5.o" is up to date.
scons: Configure: The original builder output was:
  |gcc -o .sconf_temp/conftest_5.o -c -Wall -Wno-write-strings -Wno-sign-compare -DHAVE_ASPRINTF -pthread -D_GTK -DLUA_USE_LINUX -DPUBLIC_RELEASE -D_GNU_SOURCE=1 -D_REENTRANT -D_GTK2 -D_S9XLUA_H -I/usr/include/SDL -I/usr/include/gtk-2.0 -I/usr/lib/x86_64-linux-gnu/gtk-2.0/include -I/usr/include/atk-1.0 -I/usr/include/cairo -I/usr/include/gdk-pixbuf-2.0 -I/usr/include/pango-1.0 -I/usr/include/gio-unix-2.0 -I/usr/include/freetype2 -I/usr/include/glib-2.0 -I/usr/lib/x86_64-linux-gnu/glib-2.0/include -I/usr/include/pixman-1 -I/usr/include/libpng12 -I/usr/include/harfbuzz .sconf_temp/conftest_5.c
  |
scons: Configure: ".sconf_temp/conftest_5" is up to date.
scons: Configure: The original builder output was:
  |gcc -o .sconf_temp/conftest_5 -pthread .sconf_temp/conftest_5.o -L/usr/lib/x86_64-linux-gnu -lz -lSDL -lgtk-x11-2.0 -lgdk-x11-2.0 -latk-1.0 -lgio-2.0 -lpangoft2-1.0 -lpangocairo-1.0 -lgdk_pixbuf-2.0 -lcairo -lpango-1.0 -lfontconfig -lgobject-2.0 -lglib-2.0 -lfreetype -llua5.1
  |
scons: Configure: (cached) yes

scons: Configure: Checking for C library gd... 
scons: Configure: ".sconf_temp/conftest_6.c" is up to date.
scons: Configure: The original builder output was:
  |.sconf_temp/conftest_6.c <-
  |  |
  |  |
  |  |
  |  |int
  |  |main() {
  |  |  
  |  |return 0;
  |  |}
  |  |
  |
scons: Configure: ".sconf_temp/conftest_6.o" is up to date.
scons: Configure: The original builder output was:
  |gcc -o .sconf_temp/conftest_6.o -c -Wall -Wno-write-strings -Wno-sign-compare -DHAVE_ASPRINTF -pthread -D_GTK -DLUA_USE_LINUX -I/usr/include/lua5.1 -DPUBLIC_RELEASE -D_GNU_SOURCE=1 -D_REENTRANT -D_GTK2 -D_S9XLUA_H -I/usr/include/SDL -I/usr/include/gtk-2.0 -I/usr/lib/x86_64-linux-gnu/gtk-2.0/include -I/usr/include/atk-1.0 -I/usr/include/cairo -I/usr/include/gdk-pixbuf-2.0 -I/usr/include/pango-1.0 -I/usr/include/gio-unix-2.0 -I/usr/include/freetype2 -I/usr/include/glib-2.0 -I/usr/lib/x86_64-linux-gnu/glib-2.0/include -I/usr/include/pixman-1 -I/usr/include/libpng12 -I/usr/include/harfbuzz .sconf_temp/conftest_6.c
  |
scons: Configure: Building ".sconf_temp/conftest_6" failed in a previous run and all its sources are up to date.
scons: Configure: The original builder output was:
  |gcc -o .sconf_temp/conftest_6 -pthread -ldl -llua5.1 -Wl,--as-needed .sconf_temp/conftest_6.o -L/usr/lib/x86_64-linux-gnu -lz -lSDL -lgtk-x11-2.0 -lgdk-x11-2.0 -latk-1.0 -lgio-2.0 -lpangoft2-1.0 -lpangocairo-1.0 -lgdk_pixbuf-2.0 -lcairo -lpango-1.0 -lfontconfig -lgobject-2.0 -lglib-2.0 -lfreetype -llua5.1 -lgd
  |
scons: Configure: (cached) no

scons: Configure: Checking for C library GL... 
scons: Configure: ".sconf_temp/conftest_7.c" is up to date.
scons: Configure: The original builder output was:
  |.sconf_temp/conftest_7.c <-
  |  |
  |  |
  |  |#include "GL/gl.h"
  |  |
  |  |int
  |  |main() {
  |  |  
  |  |return 0;
  |  |}
  |  |
  |
scons: Configure: ".sconf_temp/conftest_7.o" is up to date.
scons: Configure: The original builder output was:
  |gcc -o .sconf_temp/conftest_7.o -c -Wall -Wno-write-strings -Wno-sign-compare -DHAVE_ASPRINTF -pthread -D_GTK -DLUA_USE_LINUX -I/usr/include/lua5.1 -DPUBLIC_RELEASE -D_GNU_SOURCE=1 -D_REENTRANT -D_GTK2 -D_S9XLUA_H -I/usr/include/SDL -I/usr/include/gtk-2.0 -I/usr/lib/x86_64-linux-gnu/gtk-2.0/include -I/usr/include/atk-1.0 -I/usr/include/cairo -I/usr/include/gdk-pixbuf-2.0 -I/usr/include/pango-1.0 -I/usr/include/gio-unix-2.0 -I/usr/include/freetype2 -I/usr/include/glib-2.0 -I/usr/lib/x86_64-linux-gnu/glib-2.0/include -I/usr/include/pixman-1 -I/usr/include/libpng12 -I/usr/include/harfbuzz .sconf_temp/conftest_7.c
  |
scons: Configure: ".sconf_temp/conftest_7" is up to date.
scons: Configure: The original builder output was:
  |gcc -o .sconf_temp/conftest_7 -pthread -ldl -llua5.1 -Wl,--as-needed .sconf_temp/conftest_7.o -L/usr/lib/x86_64-linux-gnu -lz -lSDL -lgtk-x11-2.0 -lgdk-x11-2.0 -latk-1.0 -lgio-2.0 -lpangoft2-1.0 -lpangocairo-1.0 -lgdk_pixbuf-2.0 -lcairo -lpango-1.0 -lfontconfig -lgobject-2.0 -lglib-2.0 -lfreetype -llua5.1 -lGL
  |
scons: Configure: (cached) yes


